24Y-10-11 18:10::20:1020 - [32minfo[39m : [32mAplicação está funcionando na porta: 3000[39m
24Y-10-11 18:12::08:128 - [32minfo[39m : [32mAplicação está funcionando na porta: 3000[39m
24Y-10-14 00:58::13:5813 - [31merror[39m : [31mNão foi possivel conectar[39m
24Y-10-14 00:58::14:5814 - [31merror[39m : [31mErro MongooseServerSelectionError: Could not connect to any servers in your MongoDB Atlas cluster. One common reason is that you're trying to access the database from an IP that isn't whitelisted. Make sure your current IP address is on your Atlas cluster's IP whitelist: https://www.mongodb.com/docs/atlas/security-whitelist/[39m
24Y-10-14 00:58::14:5814 - [32minfo[39m : [32mAplicação está funcionando na porta: 3000[39m
24Y-10-14 00:58::40:5840 - [31merror[39m : [31mNão foi possivel conectar[39m
24Y-10-14 00:58::40:5840 - [31merror[39m : [31mErro Error: querySrv ENOTFOUND _mongodb._tcp.clpster0.qqy2k.mongodb.net[39m
24Y-10-14 00:58::40:5840 - [32minfo[39m : [32mAplicação está funcionando na porta: 3000[39m
24Y-10-14 00:59::24:5924 - [31merror[39m : [31mNão foi possivel conectar[39m
24Y-10-14 00:59::24:5924 - [31merror[39m : [31mErro MongooseServerSelectionError: Could not connect to any servers in your MongoDB Atlas cluster. One common reason is that you're trying to access the database from an IP that isn't whitelisted. Make sure your current IP address is on your Atlas cluster's IP whitelist: https://www.mongodb.com/docs/atlas/security-whitelist/[39m
24Y-10-14 00:59::24:5924 - [32minfo[39m : [32mAplicação está funcionando na porta: 3000[39m
24Y-10-14 01:00::34:034 - [31merror[39m : [31mNão foi possivel conectar[39m
24Y-10-14 01:01::46:146 - [31merror[39m : [31mNão foi possivel conectar[39m
24Y-10-14 01:02::57:257 - [31merror[39m : [31mNão foi possivel conectar[39m
24Y-10-14 01:10::11:1011 - [31merror[39m : [31mNão foi possivel conectar[39m
 24Y-10-14 01 :11::40:1140  - [31merror[39m : [31mNão foi possivel conectar[39m
 24Y-10-14 01 :15::13:1513  - [31merror[39m : [31mNão foi possivel conectar[39m
 24Y-10-14 01 :16::19:1619  - [31merror[39m : [31mNão foi possivel conectar[39m
 24Y-10-14 01 :18::04:184  - [32minfo[39m : [32mConectou ao banco de dados[39m
 24Y-10-14 01 :18::04:184  - [32minfo[39m : [32mAplicação está funcionando na porta: 3000[39m
 24Y-10-14 01 :30::18:3018  - [32minfo[39m : [32mConectou ao banco de dados[39m
 24Y-10-14 01 :30::18:3018  - [32minfo[39m : [32mAplicação está funcionando na porta: 3000[39m
 24Y-10-14 01 :30::31:3031  - [32minfo[39m : [32mConectou ao banco de dados[39m
 24Y-10-14 01 :30::31:3031  - [32minfo[39m : [32mAplicação está funcionando na porta: 3000[39m
 24Y-10-14 01 :30::49:3049  - [32minfo[39m : [32mConectou ao banco de dados[39m
 24Y-10-14 01 :30::49:3049  - [32minfo[39m : [32mAplicação está funcionando na porta: 3000[39m
 24Y-10-14 01 :31::04:314  - [32minfo[39m : [32mConectou ao banco de dados[39m
 24Y-10-14 01 :31::04:314  - [32minfo[39m : [32mAplicação está funcionando na porta: 3000[39m
 24Y-10-14 01 :31::08:318  - [32minfo[39m : [32mConectou ao banco de dados[39m
 24Y-10-14 01 :31::08:318  - [32minfo[39m : [32mAplicação está funcionando na porta: 3000[39m
 24Y-10-14 01 :31::30:3130  - [32minfo[39m : [32mConectou ao banco de dados[39m
 24Y-10-14 01 :31::30:3130  - [32minfo[39m : [32mAplicação está funcionando na porta: 3000[39m
 24Y-10-14 01 :31::40:3140  - [32minfo[39m : [32mConectou ao banco de dados[39m
 24Y-10-14 01 :31::40:3140  - [32minfo[39m : [32mAplicação está funcionando na porta: 3000[39m
 24Y-10-14 01 :32::44:3244  - [32minfo[39m : [32mConectou ao banco de dados[39m
 24Y-10-14 01 :32::44:3244  - [32minfo[39m : [32mAplicação está funcionando na porta: 3000[39m
 24Y-10-14 01 :32::46:3246  - [35mhttp[39m : [35mGET /api/test 200 12 -5.902 ms[39m
[35m[39m
 24Y-10-14 13 :00::27:027  - [32minfo[39m : [32mConectou ao banco de dados[39m
 24Y-10-14 13 :00::27:027  - [32minfo[39m : [32mAplicação está funcionando na porta: 3000[39m
 24Y-10-14 13 :28::07:287  - [31merror[39m : [31mNão foi possivel conectar[39m
 24Y-10-14 13 :28::16:2816  - [32minfo[39m : [32mConectou ao banco de dados[39m
 24Y-10-14 13 :28::16:2816  - [32minfo[39m : [32mAplicação está funcionando na porta: 3000[39m
 24Y-10-14 13 :56::55:5655  - [32minfo[39m : [32mConectou ao banco de dados[39m
 24Y-10-14 13 :56::55:5655  - [32minfo[39m : [32mAplicação está funcionando na porta: 3000[39m
 24Y-10-14 13 :57::07:577  - [32minfo[39m : [32mConectou ao banco de dados[39m
 24Y-10-14 13 :57::07:577  - [32minfo[39m : [32mAplicação está funcionando na porta: 3000[39m
 24Y-10-14 13 :57::53:5753  - [32minfo[39m : [32mConectou ao banco de dados[39m
 24Y-10-14 13 :57::53:5753  - [32minfo[39m : [32mAplicação está funcionando na porta: 3000[39m
 24Y-10-14 14 :00::16:016  - [32minfo[39m : [32mConectou ao banco de dados[39m
 24Y-10-14 14 :00::16:016  - [32minfo[39m : [32mAplicação está funcionando na porta: 3000[39m
 24Y-10-14 14 :03::03:33  - [35mhttp[39m : [35mPOST /api/api/movie 404 153 -5.506 ms[39m
[35m[39m
 24Y-10-14 14 :03::20:320  - [35mhttp[39m : [35mPOST /api/movie 200 22 -4.468 ms[39m
[35m[39m
 24Y-10-14 14 :04::18:418  - [32minfo[39m : [32mConectou ao banco de dados[39m
 24Y-10-14 14 :04::18:418  - [32minfo[39m : [32mAplicação está funcionando na porta: 3000[39m
 24Y-10-14 14 :04::30:430  - [32minfo[39m : [32mConectou ao banco de dados[39m
 24Y-10-14 14 :04::30:430  - [32minfo[39m : [32mAplicação está funcionando na porta: 3000[39m
 24Y-10-14 14 :05::44:544  - [32minfo[39m : [32mConectou ao banco de dados[39m
 24Y-10-14 14 :05::44:544  - [32minfo[39m : [32mAplicação está funcionando na porta: 3000[39m
 24Y-10-14 14 :05::57:557  - [32minfo[39m : [32mConectou ao banco de dados[39m
 24Y-10-14 14 :05::57:557  - [32minfo[39m : [32mAplicação está funcionando na porta: 3000[39m
 24Y-10-14 14 :08::21:821  - [32minfo[39m : [32mConectou ao banco de dados[39m
 24Y-10-14 14 :08::21:821  - [32minfo[39m : [32mAplicação está funcionando na porta: 3000[39m
 24Y-10-14 14 :08::31:831  - [32minfo[39m : [32mConectou ao banco de dados[39m
 24Y-10-14 14 :08::31:831  - [32minfo[39m : [32mAplicação está funcionando na porta: 3000[39m
 24Y-10-14 14 :09::26:926  - [32minfo[39m : [32mConectou ao banco de dados[39m
 24Y-10-14 14 :09::26:926  - [32minfo[39m : [32mAplicação está funcionando na porta: 3000[39m
 24Y-10-14 14 :09::32:932  - [32minfo[39m : [32mConectou ao banco de dados[39m
 24Y-10-14 14 :09::32:932  - [32minfo[39m : [32mAplicação está funcionando na porta: 3000[39m
 24Y-10-14 14 :10::32:1032  - [32minfo[39m : [32mConectou ao banco de dados[39m
 24Y-10-14 14 :10::32:1032  - [32minfo[39m : [32mAplicação está funcionando na porta: 3000[39m
 24Y-10-14 14 :10::48:1048  - [32minfo[39m : [32mConectou ao banco de dados[39m
 24Y-10-14 14 :10::48:1048  - [32minfo[39m : [32mAplicação está funcionando na porta: 3000[39m
 24Y-10-14 14 :10::56:1056  - [32minfo[39m : [32mConectou ao banco de dados[39m
 24Y-10-14 14 :10::56:1056  - [32minfo[39m : [32mAplicação está funcionando na porta: 3000[39m
 24Y-10-14 14 :21::01:211  - [32minfo[39m : [32mConectou ao banco de dados[39m
 24Y-10-14 14 :21::01:211  - [32minfo[39m : [32mAplicação está funcionando na porta: 3000[39m
 24Y-10-14 14 :21::16:2116  - [32minfo[39m : [32mConectou ao banco de dados[39m
 24Y-10-14 14 :21::16:2116  - [32minfo[39m : [32mAplicação está funcionando na porta: 3000[39m
 24Y-10-14 14 :21::23:2123  - [32minfo[39m : [32mConectou ao banco de dados[39m
 24Y-10-14 14 :21::23:2123  - [32minfo[39m : [32mAplicação está funcionando na porta: 3000[39m
 24Y-10-14 14 :21::30:2130  - [32minfo[39m : [32mConectou ao banco de dados[39m
 24Y-10-14 14 :21::30:2130  - [32minfo[39m : [32mAplicação está funcionando na porta: 3000[39m
 24Y-10-14 14 :21::35:2135  - [32minfo[39m : [32mConectou ao banco de dados[39m
 24Y-10-14 14 :21::35:2135  - [32minfo[39m : [32mAplicação está funcionando na porta: 3000[39m
 24Y-10-14 14 :21::47:2147  - [32minfo[39m : [32mConectou ao banco de dados[39m
 24Y-10-14 14 :21::47:2147  - [32minfo[39m : [32mAplicação está funcionando na porta: 3000[39m
 24Y-10-14 14 :21::55:2155  - [32minfo[39m : [32mConectou ao banco de dados[39m
 24Y-10-14 14 :21::55:2155  - [32minfo[39m : [32mAplicação está funcionando na porta: 3000[39m
 24Y-10-14 14 :22::09:229  - [32minfo[39m : [32mConectou ao banco de dados[39m
 24Y-10-14 14 :22::09:229  - [32minfo[39m : [32mAplicação está funcionando na porta: 3000[39m
 24Y-10-14 14 :22::19:2219  - [32minfo[39m : [32mConectou ao banco de dados[39m
 24Y-10-14 14 :22::19:2219  - [32minfo[39m : [32mAplicação está funcionando na porta: 3000[39m
 24Y-10-14 14 :22::25:2225  - [32minfo[39m : [32mConectou ao banco de dados[39m
 24Y-10-14 14 :22::25:2225  - [32minfo[39m : [32mAplicação está funcionando na porta: 3000[39m
 24Y-10-14 14 :22::48:2248  - [32minfo[39m : [32mConectou ao banco de dados[39m
 24Y-10-14 14 :22::48:2248  - [32minfo[39m : [32mAplicação está funcionando na porta: 3000[39m
 24Y-10-14 14 :22::54:2254  - [32minfo[39m : [32mConectou ao banco de dados[39m
 24Y-10-14 14 :22::54:2254  - [32minfo[39m : [32mAplicação está funcionando na porta: 3000[39m
 24Y-10-14 14 :23::01:231  - [32minfo[39m : [32mConectou ao banco de dados[39m
 24Y-10-14 14 :23::01:231  - [32minfo[39m : [32mAplicação está funcionando na porta: 3000[39m
 24Y-10-14 14 :23::09:239  - [32minfo[39m : [32mConectou ao banco de dados[39m
 24Y-10-14 14 :23::09:239  - [32minfo[39m : [32mAplicação está funcionando na porta: 3000[39m
 24Y-10-14 14 :23::14:2314  - [32minfo[39m : [32mConectou ao banco de dados[39m
 24Y-10-14 14 :23::14:2314  - [32minfo[39m : [32mAplicação está funcionando na porta: 3000[39m
 24Y-10-14 14 :23::20:2320  - [32minfo[39m : [32mConectou ao banco de dados[39m
 24Y-10-14 14 :23::20:2320  - [32minfo[39m : [32mAplicação está funcionando na porta: 3000[39m
 24Y-10-14 14 :23::24:2324  - [32minfo[39m : [32mConectou ao banco de dados[39m
 24Y-10-14 14 :23::24:2324  - [32minfo[39m : [32mAplicação está funcionando na porta: 3000[39m
 24Y-10-14 14 :23::28:2328  - [32minfo[39m : [32mConectou ao banco de dados[39m
 24Y-10-14 14 :23::28:2328  - [32minfo[39m : [32mAplicação está funcionando na porta: 3000[39m
 24Y-10-14 14 :23::38:2338  - [32minfo[39m : [32mConectou ao banco de dados[39m
 24Y-10-14 14 :23::38:2338  - [32minfo[39m : [32mAplicação está funcionando na porta: 3000[39m
 24Y-10-14 14 :23::53:2353  - [32minfo[39m : [32mConectou ao banco de dados[39m
 24Y-10-14 14 :23::53:2353  - [32minfo[39m : [32mAplicação está funcionando na porta: 3000[39m
 24Y-10-14 14 :24::15:2415  - [32minfo[39m : [32mConectou ao banco de dados[39m
 24Y-10-14 14 :24::15:2415  - [32minfo[39m : [32mAplicação está funcionando na porta: 3000[39m
 24Y-10-14 14 :24::29:2429  - [32minfo[39m : [32mConectou ao banco de dados[39m
 24Y-10-14 14 :24::29:2429  - [32minfo[39m : [32mAplicação está funcionando na porta: 3000[39m
 24Y-10-14 14 :26::08:268  - [35mhttp[39m : [35mPOST /api/movie 201 155 -65.802 ms[39m
[35m[39m
 24Y-10-14 14 :26::14:2614  - [35mhttp[39m : [35mPOST /api/movie 201 155 -31.068 ms[39m
[35m[39m
 24Y-10-14 14 :46::16:4616  - [32minfo[39m : [32mConectou ao banco de dados[39m
 24Y-10-14 14 :46::16:4616  - [32minfo[39m : [32mAplicação está funcionando na porta: 3000[39m
 24Y-10-14 14 :46::42:4642  - [32minfo[39m : [32mConectou ao banco de dados[39m
 24Y-10-14 14 :46::42:4642  - [32minfo[39m : [32mAplicação está funcionando na porta: 3000[39m
 24Y-10-14 14 :46::48:4648  - [32minfo[39m : [32mConectou ao banco de dados[39m
 24Y-10-14 14 :46::48:4648  - [32minfo[39m : [32mAplicação está funcionando na porta: 3000[39m
 24Y-10-14 14 :46::54:4654  - [32minfo[39m : [32mConectou ao banco de dados[39m
 24Y-10-14 14 :46::54:4654  - [32minfo[39m : [32mAplicação está funcionando na porta: 3000[39m
 24Y-10-14 14 :47::06:476  - [32minfo[39m : [32mConectou ao banco de dados[39m
 24Y-10-14 14 :47::06:476  - [32minfo[39m : [32mAplicação está funcionando na porta: 3000[39m
 24Y-10-14 14 :47::17:4717  - [32minfo[39m : [32mConectou ao banco de dados[39m
 24Y-10-14 14 :47::17:4717  - [32minfo[39m : [32mAplicação está funcionando na porta: 3000[39m
 24Y-10-14 14 :48::18:4818  - [35mhttp[39m : [35mPOST /api/movie 201 151 -102.926 ms[39m
[35m[39m
 24Y-10-14 14 :50::52:5052  - [32minfo[39m : [32mConectou ao banco de dados[39m
 24Y-10-14 14 :50::52:5052  - [32minfo[39m : [32mAplicação está funcionando na porta: 3000[39m
 24Y-10-14 14 :52::26:5226  - [32minfo[39m : [32mConectou ao banco de dados[39m
 24Y-10-14 14 :52::26:5226  - [32minfo[39m : [32mAplicação está funcionando na porta: 3000[39m
 24Y-10-14 14 :52::32:5232  - [32minfo[39m : [32mConectou ao banco de dados[39m
 24Y-10-14 14 :52::32:5232  - [32minfo[39m : [32mAplicação está funcionando na porta: 3000[39m
 24Y-10-14 14 :52::51:5251  - [32minfo[39m : [32mConectou ao banco de dados[39m
 24Y-10-14 14 :52::51:5251  - [32minfo[39m : [32mAplicação está funcionando na porta: 3000[39m
 24Y-10-14 15 :03::08:38  - [32minfo[39m : [32mConectou ao banco de dados[39m
 24Y-10-14 15 :03::08:38  - [32minfo[39m : [32mAplicação está funcionando na porta: 3000[39m
 24Y-10-14 15 :04::51:451  - [32minfo[39m : [32mConectou ao banco de dados[39m
 24Y-10-14 15 :04::51:451  - [32minfo[39m : [32mAplicação está funcionando na porta: 3000[39m
 24Y-10-14 15 :07::13:713  - [32minfo[39m : [32mConectou ao banco de dados[39m
 24Y-10-14 15 :07::13:713  - [32minfo[39m : [32mAplicação está funcionando na porta: 3000[39m
 24Y-10-14 15 :07::30:730  - [32minfo[39m : [32mConectou ao banco de dados[39m
 24Y-10-14 15 :07::30:730  - [32minfo[39m : [32mAplicação está funcionando na porta: 3000[39m
 24Y-10-14 15 :07::55:755  - [32minfo[39m : [32mConectou ao banco de dados[39m
 24Y-10-14 15 :07::55:755  - [32minfo[39m : [32mAplicação está funcionando na porta: 3000[39m
 24Y-10-14 15 :08::30:830  - [32minfo[39m : [32mConectou ao banco de dados[39m
 24Y-10-14 15 :08::30:830  - [32minfo[39m : [32mAplicação está funcionando na porta: 3000[39m
 24Y-10-14 15 :09::08:98  - [32minfo[39m : [32mConectou ao banco de dados[39m
 24Y-10-14 15 :09::08:98  - [32minfo[39m : [32mAplicação está funcionando na porta: 3000[39m
 24Y-10-14 15 :09::15:915  - [32minfo[39m : [32mConectou ao banco de dados[39m
 24Y-10-14 15 :09::15:915  - [32minfo[39m : [32mAplicação está funcionando na porta: 3000[39m
 24Y-10-14 15 :09::50:950  - [32minfo[39m : [32mConectou ao banco de dados[39m
 24Y-10-14 15 :09::50:950  - [32minfo[39m : [32mAplicação está funcionando na porta: 3000[39m
 24Y-10-14 15 :10::06:106  - [32minfo[39m : [32mConectou ao banco de dados[39m
 24Y-10-14 15 :10::06:106  - [32minfo[39m : [32mAplicação está funcionando na porta: 3000[39m
 24Y-10-14 15 :11::58:1158  - [32minfo[39m : [32mConectou ao banco de dados[39m
 24Y-10-14 15 :11::58:1158  - [32minfo[39m : [32mAplicação está funcionando na porta: 3000[39m
 24Y-10-14 15 :12::16:1216  - [32minfo[39m : [32mConectou ao banco de dados[39m
 24Y-10-14 15 :12::16:1216  - [32minfo[39m : [32mAplicação está funcionando na porta: 3000[39m
 24Y-10-14 15 :14::59:1459  - [32minfo[39m : [32mConectou ao banco de dados[39m
 24Y-10-14 15 :14::59:1459  - [32minfo[39m : [32mAplicação está funcionando na porta: 3000[39m
 24Y-10-14 15 :15::14:1514  - [32minfo[39m : [32mConectou ao banco de dados[39m
 24Y-10-14 15 :15::14:1514  - [32minfo[39m : [32mAplicação está funcionando na porta: 3000[39m
 24Y-10-14 15 :21::33:2133  - [32minfo[39m : [32mConectou ao banco de dados[39m
 24Y-10-14 15 :21::33:2133  - [32minfo[39m : [32mAplicação está funcionando na porta: 3000[39m
 24Y-10-14 15 :22::04:224  - [35mhttp[39m : [35mPOST /api/movie 422 40 -18.092 ms[39m
[35m[39m
 24Y-10-14 15 :22::55:2255  - [32minfo[39m : [32mConectou ao banco de dados[39m
 24Y-10-14 15 :22::55:2255  - [32minfo[39m : [32mAplicação está funcionando na porta: 3000[39m
 24Y-10-14 15 :23::06:236  - [32minfo[39m : [32mConectou ao banco de dados[39m
 24Y-10-14 15 :23::06:236  - [32minfo[39m : [32mAplicação está funcionando na porta: 3000[39m
 24Y-10-14 15 :23::22:2322  - [32minfo[39m : [32mConectou ao banco de dados[39m
 24Y-10-14 15 :23::22:2322  - [32minfo[39m : [32mAplicação está funcionando na porta: 3000[39m
 24Y-10-14 15 :23::29:2329  - [32minfo[39m : [32mConectou ao banco de dados[39m
 24Y-10-14 15 :23::29:2329  - [32minfo[39m : [32mAplicação está funcionando na porta: 3000[39m
 24Y-10-14 15 :23::40:2340  - [32minfo[39m : [32mConectou ao banco de dados[39m
 24Y-10-14 15 :23::40:2340  - [32minfo[39m : [32mAplicação está funcionando na porta: 3000[39m
 24Y-10-14 15 :23::58:2358  - [32minfo[39m : [32mConectou ao banco de dados[39m
 24Y-10-14 15 :23::58:2358  - [32minfo[39m : [32mAplicação está funcionando na porta: 3000[39m
 24Y-10-14 15 :24::04:244  - [32minfo[39m : [32mConectou ao banco de dados[39m
 24Y-10-14 15 :24::04:244  - [32minfo[39m : [32mAplicação está funcionando na porta: 3000[39m
 24Y-10-14 15 :24::25:2425  - [32minfo[39m : [32mConectou ao banco de dados[39m
 24Y-10-14 15 :24::25:2425  - [32minfo[39m : [32mAplicação está funcionando na porta: 3000[39m
 24Y-10-14 15 :24::31:2431  - [32minfo[39m : [32mConectou ao banco de dados[39m
 24Y-10-14 15 :24::31:2431  - [32minfo[39m : [32mAplicação está funcionando na porta: 3000[39m
 24Y-10-14 15 :24::39:2439  - [32minfo[39m : [32mConectou ao banco de dados[39m
 24Y-10-14 15 :24::39:2439  - [32minfo[39m : [32mAplicação está funcionando na porta: 3000[39m
 24Y-10-14 15 :24::46:2446  - [32minfo[39m : [32mConectou ao banco de dados[39m
 24Y-10-14 15 :24::46:2446  - [32minfo[39m : [32mAplicação está funcionando na porta: 3000[39m
 24Y-10-14 15 :25::00:250  - [32minfo[39m : [32mConectou ao banco de dados[39m
 24Y-10-14 15 :25::00:250  - [32minfo[39m : [32mAplicação está funcionando na porta: 3000[39m
 24Y-10-14 15 :25::07:257  - [32minfo[39m : [32mConectou ao banco de dados[39m
 24Y-10-14 15 :25::07:257  - [32minfo[39m : [32mAplicação está funcionando na porta: 3000[39m
 24Y-10-14 15 :25::14:2514  - [32minfo[39m : [32mConectou ao banco de dados[39m
 24Y-10-14 15 :25::14:2514  - [32minfo[39m : [32mAplicação está funcionando na porta: 3000[39m
 24Y-10-14 15 :25::19:2519  - [32minfo[39m : [32mConectou ao banco de dados[39m
 24Y-10-14 15 :25::19:2519  - [32minfo[39m : [32mAplicação está funcionando na porta: 3000[39m
 24Y-10-14 15 :25::37:2537  - [35mhttp[39m : [35mPOST /api/movie 422 60 -10.451 ms[39m
[35m[39m
 24Y-10-14 15 :28::18:2818  - [32minfo[39m : [32mConectou ao banco de dados[39m
 24Y-10-14 15 :28::18:2818  - [32minfo[39m : [32mAplicação está funcionando na porta: 3000[39m
 24Y-10-14 15 :28::47:2847  - [35mhttp[39m : [35mPOST /api/movie 422 96 -13.622 ms[39m
[35m[39m
 24Y-10-14 15 :29::33:2933  - [32minfo[39m : [32mConectou ao banco de dados[39m
 24Y-10-14 15 :29::33:2933  - [32minfo[39m : [32mAplicação está funcionando na porta: 3000[39m
 24Y-10-14 15 :30::29:3029  - [35mhttp[39m : [35mPOST /api/movie 201 159 -91.160 ms[39m
[35m[39m
 24Y-10-14 15 :30::37:3037  - [35mhttp[39m : [35mPOST /api/movie 422 44 -3.192 ms[39m
[35m[39m
 24Y-10-14 15 :30::46:3046  - [35mhttp[39m : [35mPOST /api/movie 422 92 -1.864 ms[39m
[35m[39m
 24Y-10-14 15 :30::57:3057  - [35mhttp[39m : [35mPOST /api/movie 422 92 -2.076 ms[39m
[35m[39m
 24Y-10-14 15 :31::34:3134  - [35mhttp[39m : [35mPOST /api/movie 201 172 -35.822 ms[39m
[35m[39m
 24Y-10-14 15 :32::07:327  - [32minfo[39m : [32mConectou ao banco de dados[39m
 24Y-10-14 15 :32::07:327  - [32minfo[39m : [32mAplicação está funcionando na porta: 3000[39m
 24Y-10-14 15 :32::14:3214  - [32minfo[39m : [32mConectou ao banco de dados[39m
 24Y-10-14 15 :32::14:3214  - [32minfo[39m : [32mAplicação está funcionando na porta: 3000[39m
 24Y-10-14 15 :33::16:3316  - [32minfo[39m : [32mConectou ao banco de dados[39m
 24Y-10-14 15 :33::16:3316  - [32minfo[39m : [32mAplicação está funcionando na porta: 3000[39m
 24Y-10-14 15 :33::23:3323  - [32minfo[39m : [32mConectou ao banco de dados[39m
 24Y-10-14 15 :33::23:3323  - [32minfo[39m : [32mAplicação está funcionando na porta: 3000[39m
 24Y-10-14 15 :34::35:3435  - [32minfo[39m : [32mConectou ao banco de dados[39m
 24Y-10-14 15 :34::35:3435  - [32minfo[39m : [32mAplicação está funcionando na porta: 3000[39m
 24Y-10-14 15 :34::57:3457  - [32minfo[39m : [32mConectou ao banco de dados[39m
 24Y-10-14 15 :34::57:3457  - [32minfo[39m : [32mAplicação está funcionando na porta: 3000[39m
 24Y-10-14 15 :35::10:3510  - [32minfo[39m : [32mConectou ao banco de dados[39m
 24Y-10-14 15 :35::10:3510  - [32minfo[39m : [32mAplicação está funcionando na porta: 3000[39m
 24Y-10-14 15 :35::18:3518  - [32minfo[39m : [32mConectou ao banco de dados[39m
 24Y-10-14 15 :35::18:3518  - [32minfo[39m : [32mAplicação está funcionando na porta: 3000[39m
 24Y-10-14 15 :35::28:3528  - [32minfo[39m : [32mConectou ao banco de dados[39m
 24Y-10-14 15 :35::28:3528  - [32minfo[39m : [32mAplicação está funcionando na porta: 3000[39m
 24Y-10-14 15 :36::10:3610  - [32minfo[39m : [32mConectou ao banco de dados[39m
 24Y-10-14 15 :36::10:3610  - [32minfo[39m : [32mAplicação está funcionando na porta: 3000[39m
 24Y-10-14 15 :36::23:3623  - [35mhttp[39m : [35mPOST /api/movie 422 46 -11.088 ms[39m
[35m[39m
 24Y-10-14 15 :37::02:372  - [32minfo[39m : [32mConectou ao banco de dados[39m
 24Y-10-14 15 :37::02:372  - [32minfo[39m : [32mAplicação está funcionando na porta: 3000[39m
 24Y-10-14 15 :37::08:378  - [32minfo[39m : [32mConectou ao banco de dados[39m
 24Y-10-14 15 :37::08:378  - [32minfo[39m : [32mAplicação está funcionando na porta: 3000[39m
 24Y-10-14 15 :37::17:3717  - [32minfo[39m : [32mConectou ao banco de dados[39m
 24Y-10-14 15 :37::17:3717  - [32minfo[39m : [32mAplicação está funcionando na porta: 3000[39m
 24Y-10-14 15 :37::29:3729  - [32minfo[39m : [32mConectou ao banco de dados[39m
 24Y-10-14 15 :37::29:3729  - [32minfo[39m : [32mAplicação está funcionando na porta: 3000[39m
 24Y-10-14 15 :37::45:3745  - [32minfo[39m : [32mConectou ao banco de dados[39m
 24Y-10-14 15 :37::45:3745  - [32minfo[39m : [32mAplicação está funcionando na porta: 3000[39m
 24Y-10-14 15 :37::51:3751  - [32minfo[39m : [32mConectou ao banco de dados[39m
 24Y-10-14 15 :37::51:3751  - [32minfo[39m : [32mAplicação está funcionando na porta: 3000[39m
 24Y-10-14 15 :38::04:384  - [32minfo[39m : [32mConectou ao banco de dados[39m
 24Y-10-14 15 :38::04:384  - [32minfo[39m : [32mAplicação está funcionando na porta: 3000[39m
 24Y-10-14 15 :38::11:3811  - [32minfo[39m : [32mConectou ao banco de dados[39m
 24Y-10-14 15 :38::11:3811  - [32minfo[39m : [32mAplicação está funcionando na porta: 3000[39m
 24Y-10-14 15 :38::26:3826  - [32minfo[39m : [32mConectou ao banco de dados[39m
 24Y-10-14 15 :38::26:3826  - [32minfo[39m : [32mAplicação está funcionando na porta: 3000[39m
 24Y-10-14 15 :38::32:3832  - [32minfo[39m : [32mConectou ao banco de dados[39m
 24Y-10-14 15 :38::32:3832  - [32minfo[39m : [32mAplicação está funcionando na porta: 3000[39m
 24Y-10-14 15 :38::43:3843  - [32minfo[39m : [32mConectou ao banco de dados[39m
 24Y-10-14 15 :38::43:3843  - [32minfo[39m : [32mAplicação está funcionando na porta: 3000[39m
 24Y-10-14 15 :38::54:3854  - [35mhttp[39m : [35mPOST /api/movie 422 79 -19.962 ms[39m
[35m[39m
 24Y-10-14 15 :39::32:3932  - [35mhttp[39m : [35mPOST /api/movie 422 79 -4.083 ms[39m
[35m[39m
 24Y-10-14 15 :39::43:3943  - [35mhttp[39m : [35mPOST /api/movie 422 45 -2.256 ms[39m
[35m[39m
 24Y-10-14 15 :39::56:3956  - [35mhttp[39m : [35mPOST /api/movie 201 192 -61.249 ms[39m
[35m[39m
 24Y-10-14 15 :40::39:4039  - [35mhttp[39m : [35mPOST /api/movie 201 227 -30.834 ms[39m
[35m[39m
 24Y-10-14 15 :45::24:4524  - [32minfo[39m : [32mConectou ao banco de dados[39m
 24Y-10-14 15 :45::24:4524  - [32minfo[39m : [32mAplicação está funcionando na porta: 3000[39m
 24Y-10-14 15 :45::24:4524  - [35mhttp[39m : [35mPOST /api/movie 201 250 -389.819 ms[39m
[35m[39m
 24Y-10-14 15 :46::06:466  - [32minfo[39m : [32mConectou ao banco de dados[39m
 24Y-10-14 15 :46::06:466  - [32minfo[39m : [32mAplicação está funcionando na porta: 3000[39m
 24Y-10-14 15 :46::21:4621  - [32minfo[39m : [32mConectou ao banco de dados[39m
 24Y-10-14 15 :46::21:4621  - [32minfo[39m : [32mAplicação está funcionando na porta: 3000[39m
 24Y-10-14 15 :46::41:4641  - [32minfo[39m : [32mConectou ao banco de dados[39m
 24Y-10-14 15 :46::41:4641  - [32minfo[39m : [32mAplicação está funcionando na porta: 3000[39m
 24Y-10-14 15 :48::58:4858  - [32minfo[39m : [32mConectou ao banco de dados[39m
 24Y-10-14 15 :48::58:4858  - [32minfo[39m : [32mAplicação está funcionando na porta: 3000[39m
 24Y-10-14 15 :49::27:4927  - [35mhttp[39m : [35mPOST /api/movie 422 44 -11.514 ms[39m
[35m[39m
 24Y-10-14 15 :52::14:5214  - [35mhttp[39m : [35mPOST /api/movie 201 365 -144.250 ms[39m
[35m[39m
 24Y-10-14 15 :56::24:5624  - [32minfo[39m : [32mConectou ao banco de dados[39m
 24Y-10-14 15 :56::24:5624  - [32minfo[39m : [32mAplicação está funcionando na porta: 3000[39m
 24Y-10-14 15 :57::20:5720  - [32minfo[39m : [32mConectou ao banco de dados[39m
 24Y-10-14 15 :57::21:5721  - [32minfo[39m : [32mAplicação está funcionando na porta: 3000[39m
 24Y-10-14 15 :57::52:5752  - [32minfo[39m : [32mConectou ao banco de dados[39m
 24Y-10-14 15 :57::52:5752  - [32minfo[39m : [32mAplicação está funcionando na porta: 3000[39m
 24Y-10-14 15 :58::20:5820  - [32minfo[39m : [32mConectou ao banco de dados[39m
 24Y-10-14 15 :58::20:5820  - [32minfo[39m : [32mAplicação está funcionando na porta: 3000[39m
 24Y-10-14 15 :58::31:5831  - [32minfo[39m : [32mConectou ao banco de dados[39m
 24Y-10-14 15 :58::31:5831  - [32minfo[39m : [32mAplicação está funcionando na porta: 3000[39m
 24Y-10-14 15 :58::44:5844  - [32minfo[39m : [32mConectou ao banco de dados[39m
 24Y-10-14 15 :58::44:5844  - [32minfo[39m : [32mAplicação está funcionando na porta: 3000[39m
 24Y-10-14 15 :59::05:595  - [32minfo[39m : [32mConectou ao banco de dados[39m
 24Y-10-14 15 :59::05:595  - [32minfo[39m : [32mAplicação está funcionando na porta: 3000[39m
 24Y-10-14 15 :59::32:5932  - [32minfo[39m : [32mConectou ao banco de dados[39m
 24Y-10-14 15 :59::32:5932  - [32minfo[39m : [32mAplicação está funcionando na porta: 3000[39m
 24Y-10-14 15 :59::40:5940  - [32minfo[39m : [32mConectou ao banco de dados[39m
 24Y-10-14 15 :59::40:5940  - [32minfo[39m : [32mAplicação está funcionando na porta: 3000[39m
 24Y-10-14 16 :00::14:014  - [32minfo[39m : [32mConectou ao banco de dados[39m
 24Y-10-14 16 :00::14:014  - [32minfo[39m : [32mAplicação está funcionando na porta: 3000[39m
 24Y-10-14 16 :00::31:031  - [32minfo[39m : [32mConectou ao banco de dados[39m
 24Y-10-14 16 :00::31:031  - [32minfo[39m : [32mAplicação está funcionando na porta: 3000[39m
 24Y-10-14 16 :01::42:142  - [32minfo[39m : [32mConectou ao banco de dados[39m
 24Y-10-14 16 :01::42:142  - [32minfo[39m : [32mAplicação está funcionando na porta: 3000[39m
 24Y-10-14 16 :01::57:157  - [32minfo[39m : [32mConectou ao banco de dados[39m
 24Y-10-14 16 :01::57:157  - [32minfo[39m : [32mAplicação está funcionando na porta: 3000[39m
 24Y-10-14 16 :02::16:216  - [32minfo[39m : [32mConectou ao banco de dados[39m
 24Y-10-14 16 :02::17:217  - [32minfo[39m : [32mAplicação está funcionando na porta: 3000[39m
 24Y-10-14 16 :02::35:235  - [32minfo[39m : [32mConectou ao banco de dados[39m
 24Y-10-14 16 :02::35:235  - [32minfo[39m : [32mAplicação está funcionando na porta: 3000[39m
 24Y-10-14 16 :23::02:232  - [32minfo[39m : [32mConectou ao banco de dados[39m
 24Y-10-14 16 :23::02:232  - [32minfo[39m : [32mAplicação está funcionando na porta: 3000[39m
 24Y-10-14 16 :24::45:2445  - [32minfo[39m : [32mConectou ao banco de dados[39m
 24Y-10-14 16 :24::45:2445  - [32minfo[39m : [32mAplicação está funcionando na porta: 3000[39m
 24Y-10-14 16 :25::58:2558  - [32minfo[39m : [32mConectou ao banco de dados[39m
 24Y-10-14 16 :25::58:2558  - [32minfo[39m : [32mAplicação está funcionando na porta: 3000[39m
 24Y-10-14 16 :26::02:262  - [32minfo[39m : [32mConectou ao banco de dados[39m
 24Y-10-14 16 :26::02:262  - [32minfo[39m : [32mAplicação está funcionando na porta: 3000[39m
 24Y-10-14 16 :28::39:2839  - [32minfo[39m : [32mConectou ao banco de dados[39m
 24Y-10-14 16 :28::39:2839  - [32minfo[39m : [32mAplicação está funcionando na porta: 3000[39m
 24Y-10-14 16 :28::50:2850  - [32minfo[39m : [32mConectou ao banco de dados[39m
 24Y-10-14 16 :28::50:2850  - [32minfo[39m : [32mAplicação está funcionando na porta: 3000[39m
 24Y-10-14 16 :32::34:3234  - [32minfo[39m : [32mConectou ao banco de dados[39m
 24Y-10-14 16 :32::34:3234  - [32minfo[39m : [32mAplicação está funcionando na porta: 3000[39m
 24Y-10-14 16 :33::16:3316  - [32minfo[39m : [32mConectou ao banco de dados[39m
 24Y-10-14 16 :33::16:3316  - [32minfo[39m : [32mAplicação está funcionando na porta: 3000[39m
 24Y-10-14 16 :33::20:3320  - [32minfo[39m : [32mConectou ao banco de dados[39m
 24Y-10-14 16 :33::20:3320  - [32minfo[39m : [32mAplicação está funcionando na porta: 3000[39m
 24Y-10-14 16 :33::25:3325  - [32minfo[39m : [32mConectou ao banco de dados[39m
 24Y-10-14 16 :33::25:3325  - [32minfo[39m : [32mAplicação está funcionando na porta: 3000[39m
 24Y-10-14 16 :33::30:3330  - [32minfo[39m : [32mConectou ao banco de dados[39m
 24Y-10-14 16 :33::30:3330  - [32minfo[39m : [32mAplicação está funcionando na porta: 3000[39m
 24Y-10-14 16 :33::41:3341  - [32minfo[39m : [32mConectou ao banco de dados[39m
 24Y-10-14 16 :33::41:3341  - [32minfo[39m : [32mAplicação está funcionando na porta: 3000[39m
 24Y-10-14 16 :33::49:3349  - [32minfo[39m : [32mConectou ao banco de dados[39m
 24Y-10-14 16 :33::49:3349  - [32minfo[39m : [32mAplicação está funcionando na porta: 3000[39m
 24Y-10-14 16 :34::25:3425  - [32minfo[39m : [32mConectou ao banco de dados[39m
 24Y-10-14 16 :34::25:3425  - [32minfo[39m : [32mAplicação está funcionando na porta: 3000[39m
 24Y-10-14 16 :34::28:3428  - [32minfo[39m : [32mConectou ao banco de dados[39m
 24Y-10-14 16 :34::28:3428  - [32minfo[39m : [32mAplicação está funcionando na porta: 3000[39m
 24Y-10-14 16 :34::33:3433  - [32minfo[39m : [32mConectou ao banco de dados[39m
 24Y-10-14 16 :34::33:3433  - [32minfo[39m : [32mAplicação está funcionando na porta: 3000[39m
 24Y-10-14 16 :34::43:3443  - [32minfo[39m : [32mConectou ao banco de dados[39m
 24Y-10-14 16 :34::43:3443  - [32minfo[39m : [32mAplicação está funcionando na porta: 3000[39m
 24Y-10-14 16 :34::47:3447  - [32minfo[39m : [32mConectou ao banco de dados[39m
 24Y-10-14 16 :34::47:3447  - [32minfo[39m : [32mAplicação está funcionando na porta: 3000[39m
 24Y-10-14 16 :35::20:3520  - [32minfo[39m : [32mConectou ao banco de dados[39m
 24Y-10-14 16 :35::20:3520  - [32minfo[39m : [32mAplicação está funcionando na porta: 3000[39m
 24Y-10-14 16 :35::29:3529  - [32minfo[39m : [32mConectou ao banco de dados[39m
 24Y-10-14 16 :35::29:3529  - [32minfo[39m : [32mAplicação está funcionando na porta: 3000[39m
 24Y-10-14 16 :35::53:3553  - [32minfo[39m : [32mConectou ao banco de dados[39m
 24Y-10-14 16 :35::53:3553  - [32minfo[39m : [32mAplicação está funcionando na porta: 3000[39m
 24Y-10-14 16 :35::57:3557  - [32minfo[39m : [32mConectou ao banco de dados[39m
 24Y-10-14 16 :35::57:3557  - [32minfo[39m : [32mAplicação está funcionando na porta: 3000[39m
 24Y-10-14 16 :36::03:363  - [32minfo[39m : [32mConectou ao banco de dados[39m
 24Y-10-14 16 :36::03:363  - [32minfo[39m : [32mAplicação está funcionando na porta: 3000[39m
 24Y-10-14 16 :36::20:3620  - [32minfo[39m : [32mConectou ao banco de dados[39m
 24Y-10-14 16 :36::20:3620  - [32minfo[39m : [32mAplicação está funcionando na porta: 3000[39m
 24Y-10-14 16 :36::26:3626  - [32minfo[39m : [32mConectou ao banco de dados[39m
 24Y-10-14 16 :36::26:3626  - [32minfo[39m : [32mAplicação está funcionando na porta: 3000[39m
 24Y-10-14 16 :36::33:3633  - [32minfo[39m : [32mConectou ao banco de dados[39m
 24Y-10-14 16 :36::33:3633  - [32minfo[39m : [32mAplicação está funcionando na porta: 3000[39m
 24Y-10-14 16 :36::45:3645  - [32minfo[39m : [32mConectou ao banco de dados[39m
 24Y-10-14 16 :36::45:3645  - [32minfo[39m : [32mAplicação está funcionando na porta: 3000[39m
 24Y-10-14 16 :36::51:3651  - [32minfo[39m : [32mConectou ao banco de dados[39m
 24Y-10-14 16 :36::51:3651  - [32minfo[39m : [32mAplicação está funcionando na porta: 3000[39m
 24Y-10-14 16 :37::21:3721  - [32minfo[39m : [32mConectou ao banco de dados[39m
 24Y-10-14 16 :37::21:3721  - [32minfo[39m : [32mAplicação está funcionando na porta: 3000[39m
 24Y-10-14 16 :37::52:3752  - [32minfo[39m : [32mConectou ao banco de dados[39m
 24Y-10-14 16 :37::52:3752  - [32minfo[39m : [32mAplicação está funcionando na porta: 3000[39m
 24Y-10-14 16 :38::05:385  - [32minfo[39m : [32mConectou ao banco de dados[39m
 24Y-10-14 16 :38::05:385  - [32minfo[39m : [32mAplicação está funcionando na porta: 3000[39m
 24Y-10-14 16 :39::30:3930  - [32minfo[39m : [32mConectou ao banco de dados[39m
 24Y-10-14 16 :39::30:3930  - [32minfo[39m : [32mAplicação está funcionando na porta: 3000[39m
 24Y-10-14 16 :39::43:3943  - [32minfo[39m : [32mConectou ao banco de dados[39m
 24Y-10-14 16 :39::43:3943  - [32minfo[39m : [32mAplicação está funcionando na porta: 3000[39m
 24Y-10-14 16 :42::31:4231  - [35mhttp[39m : [35mGET /api/movie/670d685e76b55d90561ab432 404 31 -40.948 ms[39m
[35m[39m
 24Y-10-14 16 :43::22:4322  - [32minfo[39m : [32mConectou ao banco de dados[39m
 24Y-10-14 16 :43::22:4322  - [32minfo[39m : [32mAplicação está funcionando na porta: 3000[39m
 24Y-10-14 16 :43::35:4335  - [32minfo[39m : [32mConectou ao banco de dados[39m
 24Y-10-14 16 :43::35:4335  - [32minfo[39m : [32mAplicação está funcionando na porta: 3000[39m
 24Y-10-14 16 :43::39:4339  - [32minfo[39m : [32mConectou ao banco de dados[39m
 24Y-10-14 16 :43::39:4339  - [32minfo[39m : [32mAplicação está funcionando na porta: 3000[39m
 24Y-10-14 16 :43::47:4347  - [32minfo[39m : [32mConectou ao banco de dados[39m
 24Y-10-14 16 :43::47:4347  - [32minfo[39m : [32mAplicação está funcionando na porta: 3000[39m
 24Y-10-14 16 :43::59:4359  - [32minfo[39m : [32mConectou ao banco de dados[39m
 24Y-10-14 16 :43::59:4359  - [32minfo[39m : [32mAplicação está funcionando na porta: 3000[39m
 24Y-10-14 16 :44::05:445  - [32minfo[39m : [32mConectou ao banco de dados[39m
 24Y-10-14 16 :44::05:445  - [32minfo[39m : [32mAplicação está funcionando na porta: 3000[39m
 24Y-10-14 16 :44::08:448  - [35mhttp[39m : [35mPOST /api/movie 201 365 -63.460 ms[39m
[35m[39m
 24Y-10-14 16 :44::17:4417  - [35mhttp[39m : [35mGET /api/movie/670d685e76b55d90561ab431 200 365 -38.928 ms[39m
[35m[39m
 24Y-10-14 16 :45::22:4522  - [32minfo[39m : [32mConectou ao banco de dados[39m
 24Y-10-14 16 :45::22:4522  - [32minfo[39m : [32mAplicação está funcionando na porta: 3000[39m
 24Y-10-14 16 :45::32:4532  - [32minfo[39m : [32mConectou ao banco de dados[39m
 24Y-10-14 16 :45::33:4533  - [32minfo[39m : [32mAplicação está funcionando na porta: 3000[39m
 24Y-10-14 16 :45::37:4537  - [32minfo[39m : [32mConectou ao banco de dados[39m
 24Y-10-14 16 :45::37:4537  - [32minfo[39m : [32mAplicação está funcionando na porta: 3000[39m
 24Y-10-14 16 :45::44:4544  - [32minfo[39m : [32mConectou ao banco de dados[39m
 24Y-10-14 16 :45::44:4544  - [32minfo[39m : [32mAplicação está funcionando na porta: 3000[39m
 24Y-10-14 16 :45::48:4548  - [32minfo[39m : [32mConectou ao banco de dados[39m
 24Y-10-14 16 :45::48:4548  - [32minfo[39m : [32mAplicação está funcionando na porta: 3000[39m
 24Y-10-14 16 :46::11:4611  - [32minfo[39m : [32mConectou ao banco de dados[39m
 24Y-10-14 16 :46::11:4611  - [32minfo[39m : [32mAplicação está funcionando na porta: 3000[39m
 24Y-10-14 16 :46::16:4616  - [32minfo[39m : [32mConectou ao banco de dados[39m
 24Y-10-14 16 :46::16:4616  - [32minfo[39m : [32mAplicação está funcionando na porta: 3000[39m
 24Y-10-14 16 :46::46:4646  - [32minfo[39m : [32mConectou ao banco de dados[39m
 24Y-10-14 16 :46::46:4646  - [32minfo[39m : [32mAplicação está funcionando na porta: 3000[39m
 24Y-10-14 16 :47::11:4711  - [32minfo[39m : [32mConectou ao banco de dados[39m
 24Y-10-14 16 :47::11:4711  - [32minfo[39m : [32mAplicação está funcionando na porta: 3000[39m
 24Y-10-14 16 :47::17:4717  - [32minfo[39m : [32mConectou ao banco de dados[39m
 24Y-10-14 16 :47::17:4717  - [32minfo[39m : [32mAplicação está funcionando na porta: 3000[39m
 24Y-10-14 16 :47::36:4736  - [32minfo[39m : [32mConectou ao banco de dados[39m
 24Y-10-14 16 :47::36:4736  - [32minfo[39m : [32mAplicação está funcionando na porta: 3000[39m
 24Y-10-14 16 :47::46:4746  - [32minfo[39m : [32mConectou ao banco de dados[39m
 24Y-10-14 16 :47::46:4746  - [32minfo[39m : [32mAplicação está funcionando na porta: 3000[39m
 24Y-10-14 16 :47::50:4750  - [32minfo[39m : [32mConectou ao banco de dados[39m
 24Y-10-14 16 :47::50:4750  - [32minfo[39m : [32mAplicação está funcionando na porta: 3000[39m
 24Y-10-14 16 :48::01:481  - [32minfo[39m : [32mConectou ao banco de dados[39m
 24Y-10-14 16 :48::01:481  - [32minfo[39m : [32mAplicação está funcionando na porta: 3000[39m
 24Y-10-14 16 :48::05:485  - [32minfo[39m : [32mConectou ao banco de dados[39m
 24Y-10-14 16 :48::05:485  - [32minfo[39m : [32mAplicação está funcionando na porta: 3000[39m
 24Y-10-14 16 :48::11:4811  - [32minfo[39m : [32mConectou ao banco de dados[39m
 24Y-10-14 16 :48::11:4811  - [32minfo[39m : [32mAplicação está funcionando na porta: 3000[39m
 24Y-10-14 16 :49::48:4948  - [32minfo[39m : [32mConectou ao banco de dados[39m
 24Y-10-14 16 :49::48:4948  - [32minfo[39m : [32mAplicação está funcionando na porta: 3000[39m
 24Y-10-14 16 :51::01:511  - [35mhttp[39m : [35mGET /api/movie 200 2202 -56.079 ms[39m
[35m[39m
 24Y-10-14 16 :54::20:5420  - [32minfo[39m : [32mConectou ao banco de dados[39m
 24Y-10-14 16 :54::20:5420  - [32minfo[39m : [32mAplicação está funcionando na porta: 3000[39m
 24Y-10-14 16 :54::24:5424  - [32minfo[39m : [32mConectou ao banco de dados[39m
 24Y-10-14 16 :54::24:5424  - [32minfo[39m : [32mAplicação está funcionando na porta: 3000[39m
 24Y-10-14 16 :54::34:5434  - [32minfo[39m : [32mConectou ao banco de dados[39m
 24Y-10-14 16 :54::34:5434  - [32minfo[39m : [32mAplicação está funcionando na porta: 3000[39m
 24Y-10-14 16 :54::39:5439  - [32minfo[39m : [32mConectou ao banco de dados[39m
 24Y-10-14 16 :54::39:5439  - [32minfo[39m : [32mAplicação está funcionando na porta: 3000[39m
 24Y-10-14 16 :54::44:5444  - [32minfo[39m : [32mConectou ao banco de dados[39m
 24Y-10-14 16 :54::44:5444  - [32minfo[39m : [32mAplicação está funcionando na porta: 3000[39m
 24Y-10-14 16 :55::02:552  - [32minfo[39m : [32mConectou ao banco de dados[39m
 24Y-10-14 16 :55::02:552  - [32minfo[39m : [32mAplicação está funcionando na porta: 3000[39m
 24Y-10-14 16 :55::48:5548  - [32minfo[39m : [32mConectou ao banco de dados[39m
 24Y-10-14 16 :55::48:5548  - [32minfo[39m : [32mAplicação está funcionando na porta: 3000[39m
 24Y-10-14 16 :56::07:567  - [32minfo[39m : [32mConectou ao banco de dados[39m
 24Y-10-14 16 :56::07:567  - [32minfo[39m : [32mAplicação está funcionando na porta: 3000[39m
 24Y-10-14 16 :56::14:5614  - [32minfo[39m : [32mConectou ao banco de dados[39m
 24Y-10-14 16 :56::14:5614  - [32minfo[39m : [32mAplicação está funcionando na porta: 3000[39m
 24Y-10-14 16 :56::26:5626  - [32minfo[39m : [32mConectou ao banco de dados[39m
 24Y-10-14 16 :56::26:5626  - [32minfo[39m : [32mAplicação está funcionando na porta: 3000[39m
 24Y-10-14 16 :56::33:5633  - [32minfo[39m : [32mConectou ao banco de dados[39m
 24Y-10-14 16 :56::33:5633  - [32minfo[39m : [32mAplicação está funcionando na porta: 3000[39m
 24Y-10-14 16 :56::54:5654  - [32minfo[39m : [32mConectou ao banco de dados[39m
 24Y-10-14 16 :56::54:5654  - [32minfo[39m : [32mAplicação está funcionando na porta: 3000[39m
 24Y-10-14 16 :57::01:571  - [32minfo[39m : [32mConectou ao banco de dados[39m
 24Y-10-14 16 :57::01:571  - [32minfo[39m : [32mAplicação está funcionando na porta: 3000[39m
 24Y-10-14 16 :57::08:578  - [32minfo[39m : [32mConectou ao banco de dados[39m
 24Y-10-14 16 :57::08:578  - [32minfo[39m : [32mAplicação está funcionando na porta: 3000[39m
 24Y-10-14 16 :57::15:5715  - [32minfo[39m : [32mConectou ao banco de dados[39m
 24Y-10-14 16 :57::15:5715  - [32minfo[39m : [32mAplicação está funcionando na porta: 3000[39m
 24Y-10-14 16 :57::41:5741  - [32minfo[39m : [32mConectou ao banco de dados[39m
 24Y-10-14 16 :57::41:5741  - [32minfo[39m : [32mAplicação está funcionando na porta: 3000[39m
 24Y-10-14 16 :58::22:5822  - [32minfo[39m : [32mConectou ao banco de dados[39m
 24Y-10-14 16 :58::22:5822  - [32minfo[39m : [32mAplicação está funcionando na porta: 3000[39m
 24Y-10-14 16 :58::33:5833  - [32minfo[39m : [32mConectou ao banco de dados[39m
 24Y-10-14 16 :58::33:5833  - [32minfo[39m : [32mAplicação está funcionando na porta: 3000[39m
 24Y-10-14 16 :58::50:5850  - [32minfo[39m : [32mConectou ao banco de dados[39m
 24Y-10-14 16 :58::50:5850  - [32minfo[39m : [32mAplicação está funcionando na porta: 3000[39m
 24Y-10-14 16 :59::13:5913  - [32minfo[39m : [32mConectou ao banco de dados[39m
 24Y-10-14 16 :59::13:5913  - [32minfo[39m : [32mAplicação está funcionando na porta: 3000[39m
 24Y-10-14 16 :59::33:5933  - [32minfo[39m : [32mConectou ao banco de dados[39m
 24Y-10-14 16 :59::33:5933  - [32minfo[39m : [32mAplicação está funcionando na porta: 3000[39m
 24Y-10-14 16 :59::37:5937  - [32minfo[39m : [32mConectou ao banco de dados[39m
 24Y-10-14 16 :59::37:5937  - [32minfo[39m : [32mAplicação está funcionando na porta: 3000[39m
 24Y-10-14 16 :59::56:5956  - [32minfo[39m : [32mConectou ao banco de dados[39m
 24Y-10-14 16 :59::56:5956  - [32minfo[39m : [32mAplicação está funcionando na porta: 3000[39m
 24Y-10-14 17 :00::13:013  - [32minfo[39m : [32mConectou ao banco de dados[39m
 24Y-10-14 17 :00::13:013  - [32minfo[39m : [32mAplicação está funcionando na porta: 3000[39m
 24Y-10-14 17 :00::24:024  - [32minfo[39m : [32mConectou ao banco de dados[39m
 24Y-10-14 17 :00::24:024  - [32minfo[39m : [32mAplicação está funcionando na porta: 3000[39m
 24Y-10-14 17 :00::32:032  - [32minfo[39m : [32mConectou ao banco de dados[39m
 24Y-10-14 17 :00::32:032  - [32minfo[39m : [32mAplicação está funcionando na porta: 3000[39m
 24Y-10-14 17 :01::03:13  - [32minfo[39m : [32mConectou ao banco de dados[39m
 24Y-10-14 17 :01::03:13  - [32minfo[39m : [32mAplicação está funcionando na porta: 3000[39m
 24Y-10-14 17 :01::10:110  - [32minfo[39m : [32mConectou ao banco de dados[39m
 24Y-10-14 17 :01::10:110  - [32minfo[39m : [32mAplicação está funcionando na porta: 3000[39m
 24Y-10-14 17 :01::21:121  - [32minfo[39m : [32mConectou ao banco de dados[39m
 24Y-10-14 17 :01::21:121  - [32minfo[39m : [32mAplicação está funcionando na porta: 3000[39m
 24Y-10-14 17 :01::26:126  - [32minfo[39m : [32mConectou ao banco de dados[39m
 24Y-10-14 17 :01::26:126  - [32minfo[39m : [32mAplicação está funcionando na porta: 3000[39m
 24Y-10-14 17 :01::39:139  - [32minfo[39m : [32mConectou ao banco de dados[39m
 24Y-10-14 17 :01::39:139  - [32minfo[39m : [32mAplicação está funcionando na porta: 3000[39m
 24Y-10-14 17 :01::49:149  - [32minfo[39m : [32mConectou ao banco de dados[39m
 24Y-10-14 17 :01::49:149  - [32minfo[39m : [32mAplicação está funcionando na porta: 3000[39m
 24Y-10-14 17 :02::03:23  - [32minfo[39m : [32mConectou ao banco de dados[39m
 24Y-10-14 17 :02::03:23  - [32minfo[39m : [32mAplicação está funcionando na porta: 3000[39m
 24Y-10-14 17 :02::17:217  - [32minfo[39m : [32mConectou ao banco de dados[39m
 24Y-10-14 17 :02::17:217  - [32minfo[39m : [32mAplicação está funcionando na porta: 3000[39m
 24Y-10-14 17 :04::35:435  - [32minfo[39m : [32mConectou ao banco de dados[39m
 24Y-10-14 17 :04::35:435  - [32minfo[39m : [32mAplicação está funcionando na porta: 3000[39m
 24Y-10-14 17 :06::28:628  - [35mhttp[39m : [35mDELETE /api/movie/670d63866783dc01cf571eee - - -- ms[39m
[35m[39m
 24Y-10-14 17 :06::30:630  - [35mhttp[39m : [35mDELETE /api/movie/670d63866783dc01cf5713ee 404 32 -19.884 ms[39m
[35m[39m
 24Y-10-14 17 :07::19:719  - [32minfo[39m : [32mConectou ao banco de dados[39m
 24Y-10-14 17 :07::19:719  - [32minfo[39m : [32mAplicação está funcionando na porta: 3000[39m
 24Y-10-14 17 :07::24:724  - [32minfo[39m : [32mConectou ao banco de dados[39m
 24Y-10-14 17 :07::24:724  - [32minfo[39m : [32mAplicação está funcionando na porta: 3000[39m
 24Y-10-14 17 :07::39:739  - [32minfo[39m : [32mConectou ao banco de dados[39m
 24Y-10-14 17 :07::39:739  - [32minfo[39m : [32mAplicação está funcionando na porta: 3000[39m
 24Y-10-14 17 :07::43:743  - [32minfo[39m : [32mConectou ao banco de dados[39m
 24Y-10-14 17 :07::43:743  - [32minfo[39m : [32mAplicação está funcionando na porta: 3000[39m
 24Y-10-14 17 :07::48:748  - [32minfo[39m : [32mConectou ao banco de dados[39m
 24Y-10-14 17 :07::48:748  - [32minfo[39m : [32mAplicação está funcionando na porta: 3000[39m
 24Y-10-14 17 :07::52:752  - [32minfo[39m : [32mConectou ao banco de dados[39m
 24Y-10-14 17 :07::52:752  - [32minfo[39m : [32mAplicação está funcionando na porta: 3000[39m
 24Y-10-14 17 :08::00:80  - [32minfo[39m : [32mConectou ao banco de dados[39m
 24Y-10-14 17 :08::00:80  - [32minfo[39m : [32mAplicação está funcionando na porta: 3000[39m
 24Y-10-14 17 :08::04:84  - [32minfo[39m : [32mConectou ao banco de dados[39m
 24Y-10-14 17 :08::04:84  - [32minfo[39m : [32mAplicação está funcionando na porta: 3000[39m
 24Y-10-14 17 :08::11:811  - [32minfo[39m : [32mConectou ao banco de dados[39m
 24Y-10-14 17 :08::11:811  - [32minfo[39m : [32mAplicação está funcionando na porta: 3000[39m
 24Y-10-14 17 :08::32:832  - [32minfo[39m : [32mConectou ao banco de dados[39m
 24Y-10-14 17 :08::32:832  - [32minfo[39m : [32mAplicação está funcionando na porta: 3000[39m
 24Y-10-14 17 :08::42:842  - [32minfo[39m : [32mConectou ao banco de dados[39m
 24Y-10-14 17 :08::42:842  - [32minfo[39m : [32mAplicação está funcionando na porta: 3000[39m
 24Y-10-14 17 :08::53:853  - [32minfo[39m : [32mConectou ao banco de dados[39m
 24Y-10-14 17 :08::53:853  - [32minfo[39m : [32mAplicação está funcionando na porta: 3000[39m
 24Y-10-14 17 :08::57:857  - [32minfo[39m : [32mConectou ao banco de dados[39m
 24Y-10-14 17 :08::57:857  - [32minfo[39m : [32mAplicação está funcionando na porta: 3000[39m
 24Y-10-14 17 :09::47:947  - [32minfo[39m : [32mConectou ao banco de dados[39m
 24Y-10-14 17 :09::47:947  - [32minfo[39m : [32mAplicação está funcionando na porta: 3000[39m
 24Y-10-14 17 :10::05:105  - [32minfo[39m : [32mConectou ao banco de dados[39m
 24Y-10-14 17 :10::05:105  - [32minfo[39m : [32mAplicação está funcionando na porta: 3000[39m
 24Y-10-14 17 :11::18:1118  - [32minfo[39m : [32mConectou ao banco de dados[39m
 24Y-10-14 17 :11::18:1118  - [32minfo[39m : [32mAplicação está funcionando na porta: 3000[39m
 24Y-10-14 17 :12::29:1229  - [32minfo[39m : [32mConectou ao banco de dados[39m
 24Y-10-14 17 :12::29:1229  - [32minfo[39m : [32mAplicação está funcionando na porta: 3000[39m
 24Y-10-14 17 :12::42:1242  - [32minfo[39m : [32mConectou ao banco de dados[39m
 24Y-10-14 17 :12::42:1242  - [32minfo[39m : [32mAplicação está funcionando na porta: 3000[39m
 24Y-10-14 17 :12::44:1244  - [35mhttp[39m : [35mDELETE /api/movie/670d63866783dc01cf571eee 200 37 -57.863 ms[39m
[35m[39m
 24Y-10-14 17 :16::43:1643  - [32minfo[39m : [32mConectou ao banco de dados[39m
 24Y-10-14 17 :16::43:1643  - [32minfo[39m : [32mAplicação está funcionando na porta: 3000[39m
 24Y-10-14 17 :19::07:197  - [32minfo[39m : [32mConectou ao banco de dados[39m
 24Y-10-14 17 :19::07:197  - [32minfo[39m : [32mAplicação está funcionando na porta: 3000[39m
 24Y-10-14 17 :20::40:2040  - [32minfo[39m : [32mConectou ao banco de dados[39m
 24Y-10-14 17 :20::40:2040  - [32minfo[39m : [32mAplicação está funcionando na porta: 3000[39m
 24Y-10-14 17 :21::52:2152  - [35mhttp[39m : [35mPATCH /api/movie/670d63866783dc01cf571eee 404 32 -54.280 ms[39m
[35m[39m
 24Y-10-14 17 :22::25:2225  - [32minfo[39m : [32mConectou ao banco de dados[39m
 24Y-10-14 17 :22::25:2225  - [32minfo[39m : [32mAplicação está funcionando na porta: 3000[39m
 24Y-10-14 17 :22::37:2237  - [32minfo[39m : [32mConectou ao banco de dados[39m
 24Y-10-14 17 :22::37:2237  - [32minfo[39m : [32mAplicação está funcionando na porta: 3000[39m
 24Y-10-14 17 :23::46:2346  - [32minfo[39m : [32mConectou ao banco de dados[39m
 24Y-10-14 17 :23::46:2346  - [32minfo[39m : [32mAplicação está funcionando na porta: 3000[39m
 24Y-10-14 17 :23::54:2354  - [32minfo[39m : [32mConectou ao banco de dados[39m
 24Y-10-14 17 :23::54:2354  - [32minfo[39m : [32mAplicação está funcionando na porta: 3000[39m
 24Y-10-14 17 :24::02:242  - [32minfo[39m : [32mConectou ao banco de dados[39m
 24Y-10-14 17 :24::02:242  - [32minfo[39m : [32mAplicação está funcionando na porta: 3000[39m
 24Y-10-14 17 :24::12:2412  - [32minfo[39m : [32mConectou ao banco de dados[39m
 24Y-10-14 17 :24::12:2412  - [32minfo[39m : [32mAplicação está funcionando na porta: 3000[39m
 24Y-10-14 17 :24::24:2424  - [32minfo[39m : [32mConectou ao banco de dados[39m
 24Y-10-14 17 :24::24:2424  - [32minfo[39m : [32mAplicação está funcionando na porta: 3000[39m
 24Y-10-14 17 :25::38:2538  - [32minfo[39m : [32mConectou ao banco de dados[39m
 24Y-10-14 17 :25::38:2538  - [32minfo[39m : [32mAplicação está funcionando na porta: 3000[39m
 24Y-10-14 17 :25::50:2550  - [32minfo[39m : [32mConectou ao banco de dados[39m
 24Y-10-14 17 :25::50:2550  - [32minfo[39m : [32mAplicação está funcionando na porta: 3000[39m
 24Y-10-14 17 :25::56:2556  - [32minfo[39m : [32mConectou ao banco de dados[39m
 24Y-10-14 17 :25::56:2556  - [32minfo[39m : [32mAplicação está funcionando na porta: 3000[39m
 24Y-10-14 17 :26::04:264  - [32minfo[39m : [32mConectou ao banco de dados[39m
 24Y-10-14 17 :26::04:264  - [32minfo[39m : [32mAplicação está funcionando na porta: 3000[39m
 24Y-10-14 17 :26::29:2629  - [32minfo[39m : [32mConectou ao banco de dados[39m
 24Y-10-14 17 :26::29:2629  - [32minfo[39m : [32mAplicação está funcionando na porta: 3000[39m
 24Y-10-14 17 :26::33:2633  - [32minfo[39m : [32mConectou ao banco de dados[39m
 24Y-10-14 17 :26::33:2633  - [32minfo[39m : [32mAplicação está funcionando na porta: 3000[39m
 24Y-10-14 17 :26::40:2640  - [32minfo[39m : [32mConectou ao banco de dados[39m
 24Y-10-14 17 :26::40:2640  - [32minfo[39m : [32mAplicação está funcionando na porta: 3000[39m
 24Y-10-14 17 :27::56:2756  - [32minfo[39m : [32mConectou ao banco de dados[39m
 24Y-10-14 17 :27::56:2756  - [32minfo[39m : [32mAplicação está funcionando na porta: 3000[39m
 24Y-10-14 17 :28::08:288  - [32minfo[39m : [32mConectou ao banco de dados[39m
 24Y-10-14 17 :28::08:288  - [32minfo[39m : [32mAplicação está funcionando na porta: 3000[39m
 24Y-10-14 17 :28::26:2826  - [32minfo[39m : [32mConectou ao banco de dados[39m
 24Y-10-14 17 :28::26:2826  - [32minfo[39m : [32mAplicação está funcionando na porta: 3000[39m
 24Y-10-14 17 :28::30:2830  - [32minfo[39m : [32mConectou ao banco de dados[39m
 24Y-10-14 17 :28::30:2830  - [32minfo[39m : [32mAplicação está funcionando na porta: 3000[39m
 24Y-10-14 17 :28::37:2837  - [32minfo[39m : [32mConectou ao banco de dados[39m
 24Y-10-14 17 :28::37:2837  - [32minfo[39m : [32mAplicação está funcionando na porta: 3000[39m
 24Y-10-14 17 :28::45:2845  - [32minfo[39m : [32mConectou ao banco de dados[39m
 24Y-10-14 17 :28::45:2845  - [32minfo[39m : [32mAplicação está funcionando na porta: 3000[39m
 24Y-10-14 17 :31::20:3120  - [35mhttp[39m : [35mPATCH /api/movie/670d63866783dc01cf571eee 404 32 -45.459 ms[39m
[35m[39m
 24Y-10-14 17 :31::45:3145  - [35mhttp[39m : [35mPATCH /api/movie/670d74884e5cda5915a6a282 200 366 -72.638 ms[39m
[35m[39m
 24Y-10-14 17 :33::20:3320  - [35mhttp[39m : [35mPATCH /api/movie/670d74884e5cda5915a6a282 200 346 -40.242 ms[39m
[35m[39m
 24Y-10-14 17 :34::41:3441  - [32minfo[39m : [32mConectou ao banco de dados[39m
 24Y-10-14 17 :34::41:3441  - [32minfo[39m : [32mAplicação está funcionando na porta: 3000[39m
 24Y-10-14 17 :34::50:3450  - [35mhttp[39m : [35mPATCH /api/movie/670d74884e5cda5915a6a282 422 60 -20.053 ms[39m
[35m[39m
 24Y-10-14 17 :35::38:3538  - [35mhttp[39m : [35mPATCH /api/movie/670d74884e5cda5915a6a282 200 365 -93.334 ms[39m
[35m[39m
 24Y-10-14 17 :40::42:4042  - [32minfo[39m : [32mConectou ao banco de dados[39m
 24Y-10-14 17 :40::42:4042  - [32minfo[39m : [32mAplicação está funcionando na porta: 3000[39m
 24Y-10-14 17 :40::58:4058  - [32minfo[39m : [32mConectou ao banco de dados[39m
 24Y-10-14 17 :40::58:4058  - [32minfo[39m : [32mAplicação está funcionando na porta: 3000[39m
 24Y-10-14 17 :42::28:4228  - [32minfo[39m : [32mConectou ao banco de dados[39m
 24Y-10-14 17 :42::28:4228  - [32minfo[39m : [32mAplicação está funcionando na porta: 3000[39m
 24Y-10-14 17 :42::37:4237  - [32minfo[39m : [32mConectou ao banco de dados[39m
 24Y-10-14 17 :42::37:4237  - [32minfo[39m : [32mAplicação está funcionando na porta: 3000[39m
